2023-05-14 13:05:340 INFO  HomePage :58 - Clicking on register link : [[ChromeDriver: chrome on WINDOWS (76dd6ade08388ed6c8080a8d1e3105ba)] -> link text: Register]
2023-05-14 13:05:360 INFO  RegisterPage :59 - Get Products added successfully message  [[ChromeDriver: chrome on WINDOWS (76dd6ade08388ed6c8080a8d1e3105ba)] -> tag name: h1]
2023-05-14 13:05:121 INFO  HomePage :77 - Clicking on ElectronicsMenu [[ChromeDriver: chrome on WINDOWS (05eadbc6e08aac0f5c102130c84bd228)] -> link text: Electronics]
2023-05-14 13:05:619 INFO  HomePage :82 - MouseHover on ComputersMenu [[ChromeDriver: chrome on WINDOWS (99b16b345caeed781550bd1d3d0e450f)] -> link text: Computers]
2023-05-14 13:05:766 INFO  HomePage :87 - Clicking on DesktopsSubMenu[[ChromeDriver: chrome on WINDOWS (99b16b345caeed781550bd1d3d0e450f)] -> link text: Desktops]
2023-05-14 13:05:697 INFO  DesktopsPage :54 - ascending order[[ChromeDriver: chrome on WINDOWS (99b16b345caeed781550bd1d3d0e450f)] -> id: products-orderby]
2023-05-14 13:05:813 INFO  HomePage :82 - MouseHover on ComputersMenu [[ChromeDriver: chrome on WINDOWS (67727a711a3b9ead4b9bbd7b3b736e8b)] -> link text: Computers]
2023-05-14 13:05:961 INFO  HomePage :87 - Clicking on DesktopsSubMenu[[ChromeDriver: chrome on WINDOWS (67727a711a3b9ead4b9bbd7b3b736e8b)] -> link text: Desktops]
2023-05-14 13:05:919 INFO  DesktopsPage :54 - ascending order[[ChromeDriver: chrome on WINDOWS (67727a711a3b9ead4b9bbd7b3b736e8b)] -> id: products-orderby]
2023-05-14 13:05:761 INFO  HomePage :82 - MouseHover on ComputersMenu [[ChromeDriver: chrome on WINDOWS (b11e5be1afe05d35fae10d4dd57b3058)] -> link text: Computers]
2023-05-14 13:05:907 INFO  HomePage :87 - Clicking on DesktopsSubMenu[[ChromeDriver: chrome on WINDOWS (b11e5be1afe05d35fae10d4dd57b3058)] -> link text: Desktops]
2023-05-14 13:05:388 INFO  DesktopsPage :54 - ascending order[[ChromeDriver: chrome on WINDOWS (b11e5be1afe05d35fae10d4dd57b3058)] -> id: products-orderby]
2023-05-14 13:05:905 INFO  HomePage :82 - MouseHover on ComputersMenu [[ChromeDriver: chrome on WINDOWS (d269bf30c22d9458ecdcc321d48b175b)] -> link text: Computers]
2023-05-14 13:05:41 INFO  HomePage :87 - Clicking on DesktopsSubMenu[[ChromeDriver: chrome on WINDOWS (d269bf30c22d9458ecdcc321d48b175b)] -> link text: Desktops]
2023-08-01 20:08:808 INFO  HomePage :82 - MouseHover on ComputersMenu [[ChromeDriver: chrome on WINDOWS (9a275c98afa8d6167bf2ccb11d5533ba)] -> link text: Computers]
2023-08-01 20:08:966 INFO  HomePage :87 - Clicking on DesktopsSubMenu[[ChromeDriver: chrome on WINDOWS (9a275c98afa8d6167bf2ccb11d5533ba)] -> link text: Desktops]
2023-08-01 20:08:934 INFO  DesktopsPage :59 - ascending order[[ChromeDriver: chrome on WINDOWS (9a275c98afa8d6167bf2ccb11d5533ba)] -> id: products-orderby]
2023-08-01 20:08:321 INFO  HomePage :82 - MouseHover on ComputersMenu [[ChromeDriver: chrome on WINDOWS (374e84efb8c54661ac5ac6757f3d6d75)] -> link text: Computers]
2023-08-01 20:08:447 INFO  HomePage :87 - Clicking on DesktopsSubMenu[[ChromeDriver: chrome on WINDOWS (374e84efb8c54661ac5ac6757f3d6d75)] -> link text: Desktops]
2023-08-03 21:08:928 INFO  HomePage :55 - Clicking on login link : [[ChromeDriver: chrome on WINDOWS (6c34edbd600ba0b696c4daf1eb044121)] -> link text: Log in]
2023-08-03 21:08:939 INFO  HomePage :55 - Clicking on login link : [[ChromeDriver: chrome on WINDOWS (844eb468ca3591f1ad4683230e865d4b)] -> link text: Log in]
2023-08-06 11:08:202 INFO  ApparelPage :33 - MouseHover on ShoesMenu [[ChromeDriver: chrome on WINDOWS (7fbb368f0b441b272570d68b74c41dc6)] -> link text: Shoes]
2023-08-06 11:08:148 INFO  HomePage :61 - Clicking on login link : [[ChromeDriver: chrome on WINDOWS (d9ea88910b236f57b1c8d1733a266af7)] -> link text: Log in]
2023-08-06 11:08:14 INFO  ApparelPage :33 - MouseHover on ShoesMenu [[ChromeDriver: chrome on WINDOWS (70af4046c8a8cf4fe53c65a175dae7a8)] -> link text: Shoes]
2023-08-06 11:08:221 INFO  HomePage :61 - Clicking on login link : [[ChromeDriver: chrome on WINDOWS (80b29366a91ed1753ecee35b9b44faff)] -> link text: Log in]
